19:47:29 **** Incremental Build of configuration Debug for project TP-1 ****
Info: Internal Builder is used for build
gcc -O0 -g3 -Wall -c -fmessage-length=0 -o "src\\TP-1.o" "..\\src\\TP-1.c" 
..\src\TP-1.c: In function 'main':
..\src\TP-1.c:40:6: warning: variable 'numeroDos' set but not used [-Wunused-but-set-variable]
  int numeroDos;
      ^~~~~~~~~
..\src\TP-1.c:39:6: warning: variable 'numeroUno' set but not used [-Wunused-but-set-variable]
  int numeroUno;
      ^~~~~~~~~
gcc -o TP-1.exe "src\\TP-1.o" 
Info: Nothing to build for TP-1
12:11:40 **** Incremental Build of configuration Debug for project TP-1 ****
Info: Internal Builder is used for build
gcc -O0 -g3 -Wall -c -fmessage-length=0 -o "src\\operaciones.o" "..\\src\\operaciones.c" 
gcc -O0 -g3 -Wall -c -fmessage-length=0 -o "src\\TP-1.o" "..\\src\\TP-1.c" 
..\src\TP-1.c: In function 'main':
..\src\TP-1.c:40:6: warning: variable 'numeroDos' set but not used [-Wunused-but-set-variable]
  int numeroDos;
      ^~~~~~~~~
..\src\TP-1.c:39:6: warning: variable 'numeroUno' set but not used [-Wunused-but-set-variable]
  int numeroUno;
      ^~~~~~~~~
gcc -o TP-1.exe "src\\TP-1.o" "src\\operaciones.o" 
Info: Nothing to build for TP-1
12:13:57 **** Incremental Build of configuration Debug for project TP-1 ****
Info: Internal Builder is used for build
gcc -O0 -g3 -Wall -c -fmessage-length=0 -o "src\\TP-1.o" "..\\src\\TP-1.c" 
..\src\TP-1.c: In function 'main':
..\src\TP-1.c:40:6: warning: variable 'numeroDos' set but not used [-Wunused-but-set-variable]
  int numeroDos;
      ^~~~~~~~~
..\src\TP-1.c:39:6: warning: variable 'numeroUno' set but not used [-Wunused-but-set-variable]
  int numeroUno;
      ^~~~~~~~~
gcc -o TP-1.exe "src\\TP-1.o" "src\\operaciones.o" 
Info: Nothing to build for TP-1
12:14:28 **** Incremental Build of configuration Debug for project TP-1 ****
Info: Internal Builder is used for build
gcc -O0 -g3 -Wall -c -fmessage-length=0 -o "src\\TP-1.o" "..\\src\\TP-1.c" 
..\src\TP-1.c: In function 'main':
..\src\TP-1.c:40:6: warning: variable 'numeroDos' set but not used [-Wunused-but-set-variable]
  int numeroDos;
      ^~~~~~~~~
..\src\TP-1.c:39:6: warning: variable 'numeroUno' set but not used [-Wunused-but-set-variable]
  int numeroUno;
      ^~~~~~~~~
gcc -o TP-1.exe "src\\TP-1.o" "src\\operaciones.o" 
12:20:28 **** Incremental Build of configuration Debug for project TP-1 ****
Info: Internal Builder is used for build
gcc -O0 -g3 -Wall -c -fmessage-length=0 -o "src\\TP-1.o" "..\\src\\TP-1.c" 
..\src\TP-1.c: In function 'main':
..\src\TP-1.c:67:18: warning: format '%d' expects argument of type 'int *', but argument 2 has type 'int' [-Wformat=]
          scanf("%d", numeroUno);
                  ^
..\src\TP-1.c:72:18: warning: format '%d' expects argument of type 'int *', but argument 2 has type 'int' [-Wformat=]
          scanf("%d", numeroDos);
                  ^
gcc -O0 -g3 -Wall -c -fmessage-length=0 -o "src\\operaciones.o" "..\\src\\operaciones.c" 
gcc -o TP-1.exe "src\\TP-1.o" "src\\operaciones.o" 
12:21:42 **** Incremental Build of configuration Debug for project TP-1 ****
Info: Internal Builder is used for build
gcc -O0 -g3 -Wall -c -fmessage-length=0 -o "src\\TP-1.o" "..\\src\\TP-1.c" 
gcc -o TP-1.exe "src\\TP-1.o" "src\\operaciones.o" 
Info: Nothing to build for TP-1
12:23:40 **** Incremental Build of configuration Debug for project TP-1 ****
Info: Internal Builder is used for build
gcc -O0 -g3 -Wall -c -fmessage-length=0 -o "src\\TP-1.o" "..\\src\\TP-1.c" 
gcc -o TP-1.exe "src\\TP-1.o" "src\\operaciones.o" 
Info: Nothing to build for TP-1
12:24:25 **** Incremental Build of configuration Debug for project TP-1 ****
Info: Internal Builder is used for build
gcc -O0 -g3 -Wall -c -fmessage-length=0 -o "src\\TP-1.o" "..\\src\\TP-1.c" 
..\src\TP-1.c: In function 'main':
..\src\TP-1.c:90:17: warning: comparison between pointer and integer
  } while(opcion == "5");
                 ^~
..\src\TP-1.c:90:17: warning: comparison with string literal results in unspecified behavior [-Waddress]
gcc -o TP-1.exe "src\\TP-1.o" "src\\operaciones.o" 
12:24:45 **** Incremental Build of configuration Debug for project TP-1 ****
Info: Internal Builder is used for build
gcc -O0 -g3 -Wall -c -fmessage-length=0 -o "src\\TP-1.o" "..\\src\\TP-1.c" 
gcc -o TP-1.exe "src\\TP-1.o" "src\\operaciones.o" 
Info: Nothing to build for TP-1
12:25:32 **** Incremental Build of configuration Debug for project TP-1 ****
Info: Internal Builder is used for build
gcc -O0 -g3 -Wall -c -fmessage-length=0 -o "src\\TP-1.o" "..\\src\\TP-1.c" 
gcc -o TP-1.exe "src\\TP-1.o" "src\\operaciones.o" 
Info: Nothing to build for TP-1
Info: Nothing to build for TP-1
Info: Nothing to build for TP-1
12:27:47 **** Incremental Build of configuration Debug for project TP-1 ****
Info: Internal Builder is used for build
gcc -O0 -g3 -Wall -c -fmessage-length=0 -o "src\\TP-1.o" "..\\src\\TP-1.c" 
gcc -o TP-1.exe "src\\TP-1.o" "src\\operaciones.o" 
12:28:27 **** Incremental Build of configuration Debug for project TP-1 ****
Info: Internal Builder is used for build
gcc -O0 -g3 -Wall -c -fmessage-length=0 -o "src\\TP-1.o" "..\\src\\TP-1.c" 
gcc -o TP-1.exe "src\\TP-1.o" "src\\operaciones.o" 
12:28:56 **** Incremental Build of configuration Debug for project TP-1 ****
Info: Internal Builder is used for build
gcc -O0 -g3 -Wall -c -fmessage-length=0 -o "src\\TP-1.o" "..\\src\\TP-1.c" 
gcc -o TP-1.exe "src\\TP-1.o" "src\\operaciones.o" 
12:29:32 **** Incremental Build of configuration Debug for project TP-1 ****
Info: Internal Builder is used for build
gcc -O0 -g3 -Wall -c -fmessage-length=0 -o "src\\TP-1.o" "..\\src\\TP-1.c" 
gcc -o TP-1.exe "src\\TP-1.o" "src\\operaciones.o" 
12:32:04 **** Incremental Build of configuration Debug for project TP-1 ****
Info: Internal Builder is used for build
gcc -O0 -g3 -Wall -c -fmessage-length=0 -o "src\\TP-1.o" "..\\src\\TP-1.c" 
gcc -o TP-1.exe "src\\TP-1.o" "src\\operaciones.o" 
Info: Nothing to build for TP-1
12:33:34 **** Incremental Build of configuration Debug for project TP-1 ****
Info: Internal Builder is used for build
gcc -O0 -g3 -Wall -c -fmessage-length=0 -o "src\\TP-1.o" "..\\src\\TP-1.c" 
gcc -o TP-1.exe "src\\TP-1.o" "src\\operaciones.o" 
Info: Nothing to build for TP-1
12:34:30 **** Incremental Build of configuration Debug for project TP-1 ****
Info: Internal Builder is used for build
gcc -O0 -g3 -Wall -c -fmessage-length=0 -o "src\\TP-1.o" "..\\src\\TP-1.c" 
gcc -o TP-1.exe "src\\TP-1.o" "src\\operaciones.o" 
20:40:00 **** Incremental Build of configuration Debug for project TP-1 ****
Info: Internal Builder is used for build
gcc -O0 -g3 -Wall -c -fmessage-length=0 -o "src\\operaciones.o" "..\\src\\operaciones.c" 
gcc -O0 -g3 -Wall -c -fmessage-length=0 -o "src\\TP-1.o" "..\\src\\TP-1.c" 
gcc -o TP-1.exe "src\\TP-1.o" "src\\operaciones.o" 
Info: Nothing to build for TP-1
20:41:58 **** Incremental Build of configuration Debug for project TP-1 ****
Info: Internal Builder is used for build
gcc -O0 -g3 -Wall -c -fmessage-length=0 -o "src\\operaciones.o" "..\\src\\operaciones.c" 
gcc -o TP-1.exe "src\\TP-1.o" "src\\operaciones.o" 
Info: Nothing to build for TP-1
20:42:54 **** Incremental Build of configuration Debug for project TP-1 ****
Info: Internal Builder is used for build
gcc -O0 -g3 -Wall -c -fmessage-length=0 -o "src\\TP-1.o" "..\\src\\TP-1.c" 
gcc -o TP-1.exe "src\\TP-1.o" "src\\operaciones.o" 
17:09:32 **** Incremental Build of configuration Debug for project TP-1 ****
Info: Internal Builder is used for build
gcc -O0 -g3 -Wall -c -fmessage-length=0 -o "src\\operaciones.o" "..\\src\\operaciones.c" 
gcc -O0 -g3 -Wall -c -fmessage-length=0 -o "src\\TP-1.o" "..\\src\\TP-1.c" 
..\src\TP-1.c: In function 'main':
..\src\TP-1.c:79:18: warning: format '%d' expects argument of type 'int *', but argument 2 has type 'float *' [-Wformat=]
          scanf("%d", &numeroUno);
                  ^
..\src\TP-1.c:84:18: warning: format '%d' expects argument of type 'int *', but argument 2 has type 'float *' [-Wformat=]
          scanf("%d", &numeroDos);
                  ^
..\src\TP-1.c:97:61: warning: format '%d' expects argument of type 'int', but argument 2 has type 'double' [-Wformat=]
          printf("el resultado de numeroUno + numeroDos es: %d\n", resultadoSuma);
                                                             ^
..\src\TP-1.c:48:8: warning: variable 'resultadoFactorialDos' set but not used [-Wunused-but-set-variable]
  float resultadoFactorialDos;
        ^~~~~~~~~~~~~~~~~~~~~
..\src\TP-1.c:47:8: warning: variable 'resultadoFactorialUno' set but not used [-Wunused-but-set-variable]
  float resultadoFactorialUno;
        ^~~~~~~~~~~~~~~~~~~~~
..\src\TP-1.c:46:8: warning: variable 'resultadoMultiplicacion' set but not used [-Wunused-but-set-variable]
  float resultadoMultiplicacion;
        ^~~~~~~~~~~~~~~~~~~~~~~
..\src\TP-1.c:45:8: warning: variable 'resultadoDivision' set but not used [-Wunused-but-set-variable]
  float resultadoDivision;
        ^~~~~~~~~~~~~~~~~
..\src\TP-1.c:44:8: warning: variable 'resultadoResta' set but not used [-Wunused-but-set-variable]
  float resultadoResta;
        ^~~~~~~~~~~~~~
gcc -o TP-1.exe "src\\TP-1.o" "src\\operaciones.o" 
src\TP-1.o: In function `main':
C:\Users\franco-pc\Desktop\deberes de Juan Amarilla\Tareas de utn de juan amarilla\primer cuatrimestre 2021\programacion 1\TP\TP-1\Debug/../src/TP-1.c:92: undefined reference to `operacionFactorial1'
C:\Users\franco-pc\Desktop\deberes de Juan Amarilla\Tareas de utn de juan amarilla\primer cuatrimestre 2021\programacion 1\TP\TP-1\Debug/../src/TP-1.c:93: undefined reference to `operacionFactorial2'
collect2.exe: error: ld returned 1 exit status
17:12:41 **** Incremental Build of configuration Debug for project TP-1 ****
Info: Internal Builder is used for build
gcc -O0 -g3 -Wall -c -fmessage-length=0 -o "src\\operaciones.o" "..\\src\\operaciones.c" 
..\src\operaciones.c: In function 'operacionFactorial1':
..\src\operaciones.c:53:5: warning: implicit declaration of function 'printf' [-Wimplicit-function-declaration]
     printf("ingrese un numero: \n");
     ^~~~~~
..\src\operaciones.c:53:5: warning: incompatible implicit declaration of built-in function 'printf'
..\src\operaciones.c:53:5: note: include '<stdio.h>' or provide a declaration of 'printf'
..\src\operaciones.c:54:5: warning: implicit declaration of function 'scanf' [-Wimplicit-function-declaration]
     scanf("%d", &numero);
     ^~~~~
..\src\operaciones.c:54:5: warning: incompatible implicit declaration of built-in function 'scanf'
..\src\operaciones.c:54:5: note: include '<stdio.h>' or provide a declaration of 'scanf'
gcc -O0 -g3 -Wall -c -fmessage-length=0 -o "src\\TP-1.o" "..\\src\\TP-1.c" 
..\src\TP-1.c: In function 'main':
..\src\TP-1.c:79:18: warning: format '%d' expects argument of type 'int *', but argument 2 has type 'float *' [-Wformat=]
          scanf("%d", &numeroUno);
                  ^
..\src\TP-1.c:84:18: warning: format '%d' expects argument of type 'int *', but argument 2 has type 'float *' [-Wformat=]
          scanf("%d", &numeroDos);
                  ^
..\src\TP-1.c:88:38: error: expected expression before 'float'
          resultadoSuma=operacionSuma(float numeroUno, float numeroDos);
                                      ^~~~~
..\src\TP-1.c:88:24: error: too few arguments to function 'operacionSuma'
          resultadoSuma=operacionSuma(float numeroUno, float numeroDos);
                        ^~~~~~~~~~~~~
In file included from ..\src\TP-1.c:36:0:
..\src\operaciones.h:12:7: note: declared here
 float operacionSuma(float numero1, float numero2);
       ^~~~~~~~~~~~~
..\src\TP-1.c:89:40: error: expected expression before 'float'
          resultadoResta=operacionResta(float numeroUno, float numeroDos);
                                        ^~~~~
..\src\TP-1.c:89:25: error: too few arguments to function 'operacionResta'
          resultadoResta=operacionResta(float numeroUno, float numeroDos);
                         ^~~~~~~~~~~~~~
In file included from ..\src\TP-1.c:36:0:
..\src\operaciones.h:13:7: note: declared here
 float operacionResta(float numero3, float numero4);
       ^~~~~~~~~~~~~~
..\src\TP-1.c:90:46: error: expected expression before 'float'
          resultadoDivision=operacionDivision(float numeroUno, float numeroDos);
                                              ^~~~~
..\src\TP-1.c:90:28: error: too few arguments to function 'operacionDivision'
          resultadoDivision=operacionDivision(float numeroUno, float numeroDos);
                            ^~~~~~~~~~~~~~~~~
In file included from ..\src\TP-1.c:36:0:
..\src\operaciones.h:14:7: note: declared here
 float operacionDivision(float numero5, float numero6);
       ^~~~~~~~~~~~~~~~~
..\src\TP-1.c:91:58: error: expected expression before 'float'
          resultadoMultiplicacion=operacionMultiplicacion(float numeroUno, float numeroDos);
                                                          ^~~~~
..\src\TP-1.c:91:34: error: too few arguments to function 'operacionMultiplicacion'
          resultadoMultiplicacion=operacionMultiplicacion(float numeroUno, float numeroDos);
                                  ^~~~~~~~~~~~~~~~~~~~~~~
In file included from ..\src\TP-1.c:36:0:
..\src\operaciones.h:15:7: note: declared here
 float operacionMultiplicacion(float numero7, float numero8);
       ^~~~~~~~~~~~~~~~~~~~~~~
..\src\TP-1.c:92:52: error: expected expression before 'float'
          resultadoFactorialUno=operacionFactorial1(float numeroUno);
                                                    ^~~~~
..\src\TP-1.c:93:52: error: expected expression before 'float'
          resultadoFactorialDos=operacionFactorial2(float numeroDos);
                                                    ^~~~~
..\src\TP-1.c:97:61: warning: format '%d' expects argument of type 'int', but argument 2 has type 'double' [-Wformat=]
          printf("el resultado de numeroUno + numeroDos es: %d\n", resultadoSuma);
                                                             ^
..\src\TP-1.c:48:8: warning: variable 'resultadoFactorialDos' set but not used [-Wunused-but-set-variable]
  float resultadoFactorialDos;
        ^~~~~~~~~~~~~~~~~~~~~
..\src\TP-1.c:47:8: warning: variable 'resultadoFactorialUno' set but not used [-Wunused-but-set-variable]
  float resultadoFactorialUno;
        ^~~~~~~~~~~~~~~~~~~~~
..\src\TP-1.c:46:8: warning: variable 'resultadoMultiplicacion' set but not used [-Wunused-but-set-variable]
  float resultadoMultiplicacion;
        ^~~~~~~~~~~~~~~~~~~~~~~
..\src\TP-1.c:45:8: warning: variable 'resultadoDivision' set but not used [-Wunused-but-set-variable]
  float resultadoDivision;
        ^~~~~~~~~~~~~~~~~
..\src\TP-1.c:44:8: warning: variable 'resultadoResta' set but not used [-Wunused-but-set-variable]
  float resultadoResta;
        ^~~~~~~~~~~~~~
17:12:46 **** Incremental Build of configuration Debug for project TP-1 ****
Info: Internal Builder is used for build
gcc -O0 -g3 -Wall -c -fmessage-length=0 -o "src\\TP-1.o" "..\\src\\TP-1.c" 
..\src\TP-1.c: In function 'main':
..\src\TP-1.c:79:18: warning: format '%d' expects argument of type 'int *', but argument 2 has type 'float *' [-Wformat=]
          scanf("%d", &numeroUno);
                  ^
..\src\TP-1.c:84:18: warning: format '%d' expects argument of type 'int *', but argument 2 has type 'float *' [-Wformat=]
          scanf("%d", &numeroDos);
                  ^
..\src\TP-1.c:88:38: error: expected expression before 'float'
          resultadoSuma=operacionSuma(float numeroUno, float numeroDos);
                                      ^~~~~
..\src\TP-1.c:88:24: error: too few arguments to function 'operacionSuma'
          resultadoSuma=operacionSuma(float numeroUno, float numeroDos);
                        ^~~~~~~~~~~~~
In file included from ..\src\TP-1.c:36:0:
..\src\operaciones.h:12:7: note: declared here
 float operacionSuma(float numero1, float numero2);
       ^~~~~~~~~~~~~
..\src\TP-1.c:89:40: error: expected expression before 'float'
          resultadoResta=operacionResta(float numeroUno, float numeroDos);
                                        ^~~~~
..\src\TP-1.c:89:25: error: too few arguments to function 'operacionResta'
          resultadoResta=operacionResta(float numeroUno, float numeroDos);
                         ^~~~~~~~~~~~~~
In file included from ..\src\TP-1.c:36:0:
..\src\operaciones.h:13:7: note: declared here
 float operacionResta(float numero3, float numero4);
       ^~~~~~~~~~~~~~
..\src\TP-1.c:90:46: error: expected expression before 'float'
          resultadoDivision=operacionDivision(float numeroUno, float numeroDos);
                                              ^~~~~
..\src\TP-1.c:90:28: error: too few arguments to function 'operacionDivision'
          resultadoDivision=operacionDivision(float numeroUno, float numeroDos);
                            ^~~~~~~~~~~~~~~~~
In file included from ..\src\TP-1.c:36:0:
..\src\operaciones.h:14:7: note: declared here
 float operacionDivision(float numero5, float numero6);
       ^~~~~~~~~~~~~~~~~
..\src\TP-1.c:91:58: error: expected expression before 'float'
          resultadoMultiplicacion=operacionMultiplicacion(float numeroUno, float numeroDos);
                                                          ^~~~~
..\src\TP-1.c:91:34: error: too few arguments to function 'operacionMultiplicacion'
          resultadoMultiplicacion=operacionMultiplicacion(float numeroUno, float numeroDos);
                                  ^~~~~~~~~~~~~~~~~~~~~~~
In file included from ..\src\TP-1.c:36:0:
..\src\operaciones.h:15:7: note: declared here
 float operacionMultiplicacion(float numero7, float numero8);
       ^~~~~~~~~~~~~~~~~~~~~~~
..\src\TP-1.c:92:52: error: expected expression before 'float'
          resultadoFactorialUno=operacionFactorial1(float numeroUno);
                                                    ^~~~~
..\src\TP-1.c:93:52: error: expected expression before 'float'
          resultadoFactorialDos=operacionFactorial2(float numeroDos);
                                                    ^~~~~
..\src\TP-1.c:97:61: warning: format '%d' expects argument of type 'int', but argument 2 has type 'double' [-Wformat=]
          printf("el resultado de numeroUno + numeroDos es: %d\n", resultadoSuma);
                                                             ^
..\src\TP-1.c:48:8: warning: variable 'resultadoFactorialDos' set but not used [-Wunused-but-set-variable]
  float resultadoFactorialDos;
        ^~~~~~~~~~~~~~~~~~~~~
..\src\TP-1.c:47:8: warning: variable 'resultadoFactorialUno' set but not used [-Wunused-but-set-variable]
  float resultadoFactorialUno;
        ^~~~~~~~~~~~~~~~~~~~~
..\src\TP-1.c:46:8: warning: variable 'resultadoMultiplicacion' set but not used [-Wunused-but-set-variable]
  float resultadoMultiplicacion;
        ^~~~~~~~~~~~~~~~~~~~~~~
..\src\TP-1.c:45:8: warning: variable 'resultadoDivision' set but not used [-Wunused-but-set-variable]
  float resultadoDivision;
        ^~~~~~~~~~~~~~~~~
..\src\TP-1.c:44:8: warning: variable 'resultadoResta' set but not used [-Wunused-but-set-variable]
  float resultadoResta;
        ^~~~~~~~~~~~~~
17:14:31 **** Incremental Build of configuration Debug for project TP-1 ****
Info: Internal Builder is used for build
gcc -O0 -g3 -Wall -c -fmessage-length=0 -o "src\\operaciones.o" "..\\src\\operaciones.c" 
..\src\operaciones.c: In function 'operacionFactorial1':
..\src\operaciones.c:64:1: warning: control reaches end of non-void function [-Wreturn-type]
 }
 ^
gcc -O0 -g3 -Wall -c -fmessage-length=0 -o "src\\TP-1.o" "..\\src\\TP-1.c" 
..\src\TP-1.c: In function 'main':
..\src\TP-1.c:69:11: warning: format '%f' expects argument of type 'float *', but argument 2 has type 'int *' [-Wformat=]
   scanf("%f", &opcion);
           ^
..\src\TP-1.c:73:12: warning: format '%f' expects argument of type 'float *', but argument 2 has type 'int *' [-Wformat=]
    scanf("%f", &opcion);
            ^
..\src\TP-1.c:88:38: error: expected expression before 'float'
          resultadoSuma=operacionSuma(float numeroUno, float numeroDos);
                                      ^~~~~
..\src\TP-1.c:88:24: error: too few arguments to function 'operacionSuma'
          resultadoSuma=operacionSuma(float numeroUno, float numeroDos);
                        ^~~~~~~~~~~~~
In file included from ..\src\TP-1.c:36:0:
..\src\operaciones.h:12:7: note: declared here
 float operacionSuma(float numero1, float numero2);
       ^~~~~~~~~~~~~
..\src\TP-1.c:89:40: error: expected expression before 'float'
          resultadoResta=operacionResta(float numeroUno, float numeroDos);
                                        ^~~~~
..\src\TP-1.c:89:25: error: too few arguments to function 'operacionResta'
          resultadoResta=operacionResta(float numeroUno, float numeroDos);
                         ^~~~~~~~~~~~~~
In file included from ..\src\TP-1.c:36:0:
..\src\operaciones.h:13:7: note: declared here
 float operacionResta(float numero3, float numero4);
       ^~~~~~~~~~~~~~
..\src\TP-1.c:90:46: error: expected expression before 'float'
          resultadoDivision=operacionDivision(float numeroUno, float numeroDos);
                                              ^~~~~
..\src\TP-1.c:90:28: error: too few arguments to function 'operacionDivision'
          resultadoDivision=operacionDivision(float numeroUno, float numeroDos);
                            ^~~~~~~~~~~~~~~~~
In file included from ..\src\TP-1.c:36:0:
..\src\operaciones.h:14:7: note: declared here
 float operacionDivision(float numero5, float numero6);
       ^~~~~~~~~~~~~~~~~
..\src\TP-1.c:91:58: error: expected expression before 'float'
          resultadoMultiplicacion=operacionMultiplicacion(float numeroUno, float numeroDos);
                                                          ^~~~~
..\src\TP-1.c:91:34: error: too few arguments to function 'operacionMultiplicacion'
          resultadoMultiplicacion=operacionMultiplicacion(float numeroUno, float numeroDos);
                                  ^~~~~~~~~~~~~~~~~~~~~~~
In file included from ..\src\TP-1.c:36:0:
..\src\operaciones.h:15:7: note: declared here
 float operacionMultiplicacion(float numero7, float numero8);
       ^~~~~~~~~~~~~~~~~~~~~~~
..\src\TP-1.c:92:52: error: expected expression before 'float'
          resultadoFactorialUno=operacionFactorial1(float numeroUno);
                                                    ^~~~~
..\src\TP-1.c:93:52: error: expected expression before 'float'
          resultadoFactorialDos=operacionFactorial2(float numeroDos);
                                                    ^~~~~
..\src\TP-1.c:48:8: warning: variable 'resultadoFactorialDos' set but not used [-Wunused-but-set-variable]
  float resultadoFactorialDos;
        ^~~~~~~~~~~~~~~~~~~~~
..\src\TP-1.c:47:8: warning: variable 'resultadoFactorialUno' set but not used [-Wunused-but-set-variable]
  float resultadoFactorialUno;
        ^~~~~~~~~~~~~~~~~~~~~
..\src\TP-1.c:46:8: warning: variable 'resultadoMultiplicacion' set but not used [-Wunused-but-set-variable]
  float resultadoMultiplicacion;
        ^~~~~~~~~~~~~~~~~~~~~~~
..\src\TP-1.c:45:8: warning: variable 'resultadoDivision' set but not used [-Wunused-but-set-variable]
  float resultadoDivision;
        ^~~~~~~~~~~~~~~~~
..\src\TP-1.c:44:8: warning: variable 'resultadoResta' set but not used [-Wunused-but-set-variable]
  float resultadoResta;
        ^~~~~~~~~~~~~~
17:15:23 **** Incremental Build of configuration Debug for project TP-1 ****
Info: Internal Builder is used for build
gcc -O0 -g3 -Wall -c -fmessage-length=0 -o "src\\TP-1.o" "..\\src\\TP-1.c" 
..\src\TP-1.c: In function 'main':
..\src\TP-1.c:73:12: warning: format '%f' expects argument of type 'float *', but argument 2 has type 'int *' [-Wformat=]
    scanf("%f", &opcion);
            ^
..\src\TP-1.c:88:38: error: expected expression before 'float'
          resultadoSuma=operacionSuma(float numeroUno, float numeroDos);
                                      ^~~~~
..\src\TP-1.c:88:24: error: too few arguments to function 'operacionSuma'
          resultadoSuma=operacionSuma(float numeroUno, float numeroDos);
                        ^~~~~~~~~~~~~
In file included from ..\src\TP-1.c:36:0:
..\src\operaciones.h:12:7: note: declared here
 float operacionSuma(float numero1, float numero2);
       ^~~~~~~~~~~~~
..\src\TP-1.c:89:40: error: expected expression before 'float'
          resultadoResta=operacionResta(float numeroUno, float numeroDos);
                                        ^~~~~
..\src\TP-1.c:89:25: error: too few arguments to function 'operacionResta'
          resultadoResta=operacionResta(float numeroUno, float numeroDos);
                         ^~~~~~~~~~~~~~
In file included from ..\src\TP-1.c:36:0:
..\src\operaciones.h:13:7: note: declared here
 float operacionResta(float numero3, float numero4);
       ^~~~~~~~~~~~~~
..\src\TP-1.c:90:46: error: expected expression before 'float'
          resultadoDivision=operacionDivision(float numeroUno, float numeroDos);
                                              ^~~~~
..\src\TP-1.c:90:28: error: too few arguments to function 'operacionDivision'
          resultadoDivision=operacionDivision(float numeroUno, float numeroDos);
                            ^~~~~~~~~~~~~~~~~
In file included from ..\src\TP-1.c:36:0:
..\src\operaciones.h:14:7: note: declared here
 float operacionDivision(float numero5, float numero6);
       ^~~~~~~~~~~~~~~~~
..\src\TP-1.c:91:58: error: expected expression before 'float'
          resultadoMultiplicacion=operacionMultiplicacion(float numeroUno, float numeroDos);
                                                          ^~~~~
..\src\TP-1.c:91:34: error: too few arguments to function 'operacionMultiplicacion'
          resultadoMultiplicacion=operacionMultiplicacion(float numeroUno, float numeroDos);
                                  ^~~~~~~~~~~~~~~~~~~~~~~
In file included from ..\src\TP-1.c:36:0:
..\src\operaciones.h:15:7: note: declared here
 float operacionMultiplicacion(float numero7, float numero8);
       ^~~~~~~~~~~~~~~~~~~~~~~
..\src\TP-1.c:92:52: error: expected expression before 'float'
          resultadoFactorialUno=operacionFactorial1(float numeroUno);
                                                    ^~~~~
..\src\TP-1.c:93:52: error: expected expression before 'float'
          resultadoFactorialDos=operacionFactorial2(float numeroDos);
                                                    ^~~~~
..\src\TP-1.c:48:8: warning: variable 'resultadoFactorialDos' set but not used [-Wunused-but-set-variable]
  float resultadoFactorialDos;
        ^~~~~~~~~~~~~~~~~~~~~
..\src\TP-1.c:47:8: warning: variable 'resultadoFactorialUno' set but not used [-Wunused-but-set-variable]
  float resultadoFactorialUno;
        ^~~~~~~~~~~~~~~~~~~~~
..\src\TP-1.c:46:8: warning: variable 'resultadoMultiplicacion' set but not used [-Wunused-but-set-variable]
  float resultadoMultiplicacion;
        ^~~~~~~~~~~~~~~~~~~~~~~
..\src\TP-1.c:45:8: warning: variable 'resultadoDivision' set but not used [-Wunused-but-set-variable]
  float resultadoDivision;
        ^~~~~~~~~~~~~~~~~
..\src\TP-1.c:44:8: warning: variable 'resultadoResta' set but not used [-Wunused-but-set-variable]
  float resultadoResta;
        ^~~~~~~~~~~~~~
17:19:22 **** Incremental Build of configuration Debug for project TP-1 ****
Info: Internal Builder is used for build
gcc -O0 -g3 -Wall -c -fmessage-length=0 -o "src\\TP-1.o" "..\\src\\TP-1.c" 
..\src\TP-1.c: In function 'main':
..\src\TP-1.c:73:12: warning: format '%f' expects argument of type 'float *', but argument 2 has type 'int *' [-Wformat=]
    scanf("%f", &opcion);
            ^
..\src\TP-1.c:88:38: error: expected expression before 'float'
          resultadoSuma=operacionSuma(float numeroUno, float numeroDos);
                                      ^~~~~
..\src\TP-1.c:88:24: error: too few arguments to function 'operacionSuma'
          resultadoSuma=operacionSuma(float numeroUno, float numeroDos);
                        ^~~~~~~~~~~~~
In file included from ..\src\TP-1.c:36:0:
..\src\operaciones.h:12:7: note: declared here
 float operacionSuma(float numero1, float numero2);
       ^~~~~~~~~~~~~
..\src\TP-1.c:89:40: error: expected expression before 'float'
          resultadoResta=operacionResta(float numeroUno, float numeroDos);
                                        ^~~~~
..\src\TP-1.c:89:25: error: too few arguments to function 'operacionResta'
          resultadoResta=operacionResta(float numeroUno, float numeroDos);
                         ^~~~~~~~~~~~~~
In file included from ..\src\TP-1.c:36:0:
..\src\operaciones.h:13:7: note: declared here
 float operacionResta(float numero3, float numero4);
       ^~~~~~~~~~~~~~
..\src\TP-1.c:90:46: error: expected expression before 'float'
          resultadoDivision=operacionDivision(float numeroUno, float numeroDos);
                                              ^~~~~
..\src\TP-1.c:90:28: error: too few arguments to function 'operacionDivision'
          resultadoDivision=operacionDivision(float numeroUno, float numeroDos);
                            ^~~~~~~~~~~~~~~~~
In file included from ..\src\TP-1.c:36:0:
..\src\operaciones.h:14:7: note: declared here
 float operacionDivision(float numero5, float numero6);
       ^~~~~~~~~~~~~~~~~
..\src\TP-1.c:91:58: error: expected expression before 'float'
          resultadoMultiplicacion=operacionMultiplicacion(float numeroUno, float numeroDos);
                                                          ^~~~~
..\src\TP-1.c:91:34: error: too few arguments to function 'operacionMultiplicacion'
          resultadoMultiplicacion=operacionMultiplicacion(float numeroUno, float numeroDos);
                                  ^~~~~~~~~~~~~~~~~~~~~~~
In file included from ..\src\TP-1.c:36:0:
..\src\operaciones.h:15:7: note: declared here
 float operacionMultiplicacion(float numero7, float numero8);
       ^~~~~~~~~~~~~~~~~~~~~~~
..\src\TP-1.c:92:52: error: expected expression before 'float'
          resultadoFactorialUno=operacionFactorial1(float numeroUno);
                                                    ^~~~~
..\src\TP-1.c:93:52: error: expected expression before 'float'
          resultadoFactorialDos=operacionFactorial2(float numeroDos);
                                                    ^~~~~
..\src\TP-1.c:48:8: warning: variable 'resultadoFactorialDos' set but not used [-Wunused-but-set-variable]
  float resultadoFactorialDos;
        ^~~~~~~~~~~~~~~~~~~~~
..\src\TP-1.c:47:8: warning: variable 'resultadoFactorialUno' set but not used [-Wunused-but-set-variable]
  float resultadoFactorialUno;
        ^~~~~~~~~~~~~~~~~~~~~
..\src\TP-1.c:46:8: warning: variable 'resultadoMultiplicacion' set but not used [-Wunused-but-set-variable]
  float resultadoMultiplicacion;
        ^~~~~~~~~~~~~~~~~~~~~~~
..\src\TP-1.c:45:8: warning: variable 'resultadoDivision' set but not used [-Wunused-but-set-variable]
  float resultadoDivision;
        ^~~~~~~~~~~~~~~~~
..\src\TP-1.c:44:8: warning: variable 'resultadoResta' set but not used [-Wunused-but-set-variable]
  float resultadoResta;
        ^~~~~~~~~~~~~~
17:20:11 **** Incremental Build of configuration Debug for project TP-1 ****
Info: Internal Builder is used for build
gcc -O0 -g3 -Wall -c -fmessage-length=0 -o "src\\TP-1.o" "..\\src\\TP-1.c" 
..\src\TP-1.c: In function 'main':
..\src\TP-1.c:88:38: error: expected expression before 'float'
          resultadoSuma=operacionSuma(float numeroUno, float numeroDos);
                                      ^~~~~
..\src\TP-1.c:88:24: error: too few arguments to function 'operacionSuma'
          resultadoSuma=operacionSuma(float numeroUno, float numeroDos);
                        ^~~~~~~~~~~~~
In file included from ..\src\TP-1.c:36:0:
..\src\operaciones.h:12:7: note: declared here
 float operacionSuma(float numero1, float numero2);
       ^~~~~~~~~~~~~
..\src\TP-1.c:89:40: error: expected expression before 'float'
          resultadoResta=operacionResta(float numeroUno, float numeroDos);
                                        ^~~~~
..\src\TP-1.c:89:25: error: too few arguments to function 'operacionResta'
          resultadoResta=operacionResta(float numeroUno, float numeroDos);
                         ^~~~~~~~~~~~~~
In file included from ..\src\TP-1.c:36:0:
..\src\operaciones.h:13:7: note: declared here
 float operacionResta(float numero3, float numero4);
       ^~~~~~~~~~~~~~
..\src\TP-1.c:90:46: error: expected expression before 'float'
          resultadoDivision=operacionDivision(float numeroUno, float numeroDos);
                                              ^~~~~
..\src\TP-1.c:90:28: error: too few arguments to function 'operacionDivision'
          resultadoDivision=operacionDivision(float numeroUno, float numeroDos);
                            ^~~~~~~~~~~~~~~~~
In file included from ..\src\TP-1.c:36:0:
..\src\operaciones.h:14:7: note: declared here
 float operacionDivision(float numero5, float numero6);
       ^~~~~~~~~~~~~~~~~
..\src\TP-1.c:91:58: error: expected expression before 'float'
          resultadoMultiplicacion=operacionMultiplicacion(float numeroUno, float numeroDos);
                                                          ^~~~~
..\src\TP-1.c:91:34: error: too few arguments to function 'operacionMultiplicacion'
          resultadoMultiplicacion=operacionMultiplicacion(float numeroUno, float numeroDos);
                                  ^~~~~~~~~~~~~~~~~~~~~~~
In file included from ..\src\TP-1.c:36:0:
..\src\operaciones.h:15:7: note: declared here
 float operacionMultiplicacion(float numero7, float numero8);
       ^~~~~~~~~~~~~~~~~~~~~~~
..\src\TP-1.c:92:52: error: expected expression before 'float'
          resultadoFactorialUno=operacionFactorial1(float numeroUno);
                                                    ^~~~~
..\src\TP-1.c:93:52: error: expected expression before 'float'
          resultadoFactorialDos=operacionFactorial2(float numeroDos);
                                                    ^~~~~
..\src\TP-1.c:48:8: warning: variable 'resultadoFactorialDos' set but not used [-Wunused-but-set-variable]
  float resultadoFactorialDos;
        ^~~~~~~~~~~~~~~~~~~~~
..\src\TP-1.c:47:8: warning: variable 'resultadoFactorialUno' set but not used [-Wunused-but-set-variable]
  float resultadoFactorialUno;
        ^~~~~~~~~~~~~~~~~~~~~
..\src\TP-1.c:46:8: warning: variable 'resultadoMultiplicacion' set but not used [-Wunused-but-set-variable]
  float resultadoMultiplicacion;
        ^~~~~~~~~~~~~~~~~~~~~~~
..\src\TP-1.c:45:8: warning: variable 'resultadoDivision' set but not used [-Wunused-but-set-variable]
  float resultadoDivision;
        ^~~~~~~~~~~~~~~~~
..\src\TP-1.c:44:8: warning: variable 'resultadoResta' set but not used [-Wunused-but-set-variable]
  float resultadoResta;
        ^~~~~~~~~~~~~~
17:21:09 **** Incremental Build of configuration Debug for project TP-1 ****
Info: Internal Builder is used for build
gcc -O0 -g3 -Wall -c -fmessage-length=0 -o "src\\TP-1.o" "..\\src\\TP-1.c" 
..\src\TP-1.c: In function 'main':
..\src\TP-1.c:48:8: warning: variable 'resultadoFactorialDos' set but not used [-Wunused-but-set-variable]
  float resultadoFactorialDos;
        ^~~~~~~~~~~~~~~~~~~~~
..\src\TP-1.c:47:8: warning: variable 'resultadoFactorialUno' set but not used [-Wunused-but-set-variable]
  float resultadoFactorialUno;
        ^~~~~~~~~~~~~~~~~~~~~
..\src\TP-1.c:46:8: warning: variable 'resultadoMultiplicacion' set but not used [-Wunused-but-set-variable]
  float resultadoMultiplicacion;
        ^~~~~~~~~~~~~~~~~~~~~~~
..\src\TP-1.c:45:8: warning: variable 'resultadoDivision' set but not used [-Wunused-but-set-variable]
  float resultadoDivision;
        ^~~~~~~~~~~~~~~~~
..\src\TP-1.c:44:8: warning: variable 'resultadoResta' set but not used [-Wunused-but-set-variable]
  float resultadoResta;
        ^~~~~~~~~~~~~~
gcc -O0 -g3 -Wall -c -fmessage-length=0 -o "src\\operaciones.o" "..\\src\\operaciones.c" 
gcc -o TP-1.exe "src\\TP-1.o" "src\\operaciones.o" 
src\TP-1.o: In function `main':
C:\Users\franco-pc\Desktop\deberes de Juan Amarilla\Tareas de utn de juan amarilla\primer cuatrimestre 2021\programacion 1\TP\TP-1\Debug/../src/TP-1.c:93: undefined reference to `operacionFactorial2'
collect2.exe: error: ld returned 1 exit status
18:01:38 **** Incremental Build of configuration Debug for project TP-1 ****
Info: Internal Builder is used for build
gcc -O0 -g3 -Wall -c -fmessage-length=0 -o "src\\TP-1.o" "..\\src\\TP-1.c" 
gcc -O0 -g3 -Wall -c -fmessage-length=0 -o "src\\operaciones.o" "..\\src\\operaciones.c" 
gcc -o TP-1.exe "src\\TP-1.o" "src\\operaciones.o" 
18:22:43 **** Incremental Build of configuration Debug for project TP-1 ****
Info: Internal Builder is used for build
gcc -O0 -g3 -Wall -c -fmessage-length=0 -o "src\\TP-1.o" "..\\src\\TP-1.c" 
gcc -o TP-1.exe "src\\TP-1.o" "src\\operaciones.o" 
18:23:10 **** Incremental Build of configuration Debug for project TP-1 ****
Info: Internal Builder is used for build
gcc -O0 -g3 -Wall -c -fmessage-length=0 -o "src\\TP-1.o" "..\\src\\TP-1.c" 
..\src\TP-1.c: In function 'main':
..\src\TP-1.c:88:38: error: expected expression before 'float'
          resultadoSuma=operacionSuma(float numeroUno,float numeroDos);
                                      ^~~~~
..\src\TP-1.c:88:24: error: too few arguments to function 'operacionSuma'
          resultadoSuma=operacionSuma(float numeroUno,float numeroDos);
                        ^~~~~~~~~~~~~
In file included from ..\src\TP-1.c:36:0:
..\src\operaciones.h:12:7: note: declared here
 float operacionSuma(float numero1, float numero2);
       ^~~~~~~~~~~~~
18:23:41 **** Incremental Build of configuration Debug for project TP-1 ****
Info: Internal Builder is used for build
gcc -O0 -g3 -Wall -c -fmessage-length=0 -o "src\\TP-1.o" "..\\src\\TP-1.c" 
..\src\TP-1.c: In function 'main':
..\src\TP-1.c:88:38: error: expected expression before 'float'
          resultadoSuma=operacionSuma(float numeroUno,float numeroDos);
                                      ^~~~~
..\src\TP-1.c:88:24: error: too few arguments to function 'operacionSuma'
          resultadoSuma=operacionSuma(float numeroUno,float numeroDos);
                        ^~~~~~~~~~~~~
In file included from ..\src\TP-1.c:36:0:
..\src\operaciones.h:12:7: note: declared here
 float operacionSuma(float numero1, float numero2);
       ^~~~~~~~~~~~~
18:25:16 **** Incremental Build of configuration Debug for project TP-1 ****
Info: Internal Builder is used for build
gcc -O0 -g3 -Wall -c -fmessage-length=0 -o "src\\TP-1.o" "..\\src\\TP-1.c" 
..\src\TP-1.c: In function 'main':
..\src\TP-1.c:88:38: error: expected expression before 'float'
          resultadoSuma=operacionSuma(float numeroUno,float numeroDos);
                                      ^~~~~
..\src\TP-1.c:88:24: error: too few arguments to function 'operacionSuma'
          resultadoSuma=operacionSuma(float numeroUno,float numeroDos);
                        ^~~~~~~~~~~~~
In file included from ..\src\TP-1.c:36:0:
..\src\operaciones.h:12:7: note: declared here
 float operacionSuma(float numero1, float numero2);
       ^~~~~~~~~~~~~
18:26:10 **** Incremental Build of configuration Debug for project TP-1 ****
Info: Internal Builder is used for build
gcc -O0 -g3 -Wall -c -fmessage-length=0 -o "src\\TP-1.o" "..\\src\\TP-1.c" 
gcc -o TP-1.exe "src\\TP-1.o" "src\\operaciones.o" 
Info: Nothing to build for TP-1
18:27:33 **** Incremental Build of configuration Debug for project TP-1 ****
Info: Internal Builder is used for build
gcc -O0 -g3 -Wall -c -fmessage-length=0 -o "src\\TP-1.o" "..\\src\\TP-1.c" 
gcc -o TP-1.exe "src\\TP-1.o" "src\\operaciones.o" 
Info: Nothing to build for TP-1
Info: Nothing to build for TP-1
Info: Nothing to build for TP-1
18:30:54 **** Incremental Build of configuration Debug for project TP-1 ****
Info: Internal Builder is used for build
gcc -O0 -g3 -Wall -c -fmessage-length=0 -o "src\\TP-1.o" "..\\src\\TP-1.c" 
gcc -o TP-1.exe "src\\TP-1.o" "src\\operaciones.o" 
18:59:01 **** Incremental Build of configuration Debug for project TP-1 ****
Info: Internal Builder is used for build
gcc -O0 -g3 -Wall -c -fmessage-length=0 -o "src\\operaciones.o" "..\\src\\operaciones.c" 
..\src\operaciones.c:44:1: error: unterminated comment
 /*float operacionFactorial1(float numero9)
 ^
18:59:32 **** Incremental Build of configuration Debug for project TP-1 ****
Info: Internal Builder is used for build
gcc -O0 -g3 -Wall -c -fmessage-length=0 -o "src\\operaciones.o" "..\\src\\operaciones.c" 
gcc -O0 -g3 -Wall -c -fmessage-length=0 -o "src\\TP-1.o" "..\\src\\TP-1.c" 
gcc -o TP-1.exe "src\\TP-1.o" "src\\operaciones.o" 
Info: Nothing to build for TP-1
Info: Nothing to build for TP-1
Info: Nothing to build for TP-1
19:03:23 **** Incremental Build of configuration Debug for project TP-1 ****
Info: Internal Builder is used for build
gcc -O0 -g3 -Wall -c -fmessage-length=0 -o "src\\operaciones.o" "..\\src\\operaciones.c" 
gcc -O0 -g3 -Wall -c -fmessage-length=0 -o "src\\TP-1.o" "..\\src\\TP-1.c" 
gcc -o TP-1.exe "src\\TP-1.o" "src\\operaciones.o" 
19:27:44 **** Incremental Build of configuration Debug for project TP-1 ****
Info: Internal Builder is used for build
gcc -O0 -g3 -Wall -c -fmessage-length=0 -o "src\\TP-1.o" "..\\src\\TP-1.c" 
gcc -o TP-1.exe "src\\TP-1.o" "src\\operaciones.o" 
